<?xml version="1.0" encoding="utf-8" standalone="no"?>
<test-run id="2" testcasecount="60" result="Passed" total="60" passed="60" failed="0" inconclusive="0" skipped="0" asserts="83" engine-version="3.10.0.0" clr-version="4.0.30319.42000" start-time="2019-07-30 04:14:39Z" end-time="2019-07-30 04:14:53Z" duration="13.438849">
  <command-line><![CDATA["C:\Users\kuskas\Source\Repos\fse-projectmanager\ProjectManager\packages\NUnit.ConsoleRunner.3.10.0\tools\nunit3-console.exe" "C:\Users\kuskas\Source\Repos\fse-projectmanager\ProjectManager\Web.Api.Tests\bin\Debug\Web.Api.Tests.dll"]]></command-line>
  <test-suite type="Assembly" id="0-1067" name="Web.Api.Tests.dll" fullname="Web.Api.Tests.dll" runstate="Runnable" testcasecount="60" result="Passed" start-time="2019-07-30 04:14:44Z" end-time="2019-07-30 04:14:53Z" duration="8.969300" total="60" passed="60" failed="0" warnings="0" inconclusive="0" skipped="0" asserts="83">
    <environment framework-version="3.11.0.0" clr-version="4.0.30319.42000" os-version="Microsoft Windows NT 10.0.14393.0" platform="Win32NT" cwd="C:\Users\kuskas\Source\Repos\fse-projectmanager\ProjectManager" machine-name="MYMDCLAP163" user="kuskas" user-domain="ACEINA" culture="en-US" uiculture="en-US" os-architecture="x64" />
    <settings>
      <setting name="DisposeRunners" value="True" />
      <setting name="WorkDirectory" value="C:\Users\kuskas\Source\Repos\fse-projectmanager\ProjectManager" />
      <setting name="ImageRuntimeVersion" value="4.0.30319" />
      <setting name="ImageTargetFrameworkName" value=".NETFramework,Version=v4.6.1" />
      <setting name="ImageRequiresX86" value="False" />
      <setting name="ImageRequiresDefaultAppDomainAssemblyResolver" value="False" />
      <setting name="NumberOfTestWorkers" value="4" />
    </settings>
    <properties>
      <property name="_PID" value="10104" />
      <property name="_APPDOMAIN" value="domain-" />
    </properties>
    <test-suite type="TestSuite" id="0-1068" name="Web" fullname="Web" runstate="Runnable" testcasecount="60" result="Passed" start-time="2019-07-30 04:14:44Z" end-time="2019-07-30 04:14:53Z" duration="8.942876" total="60" passed="60" failed="0" warnings="0" inconclusive="0" skipped="0" asserts="83">
      <test-suite type="TestSuite" id="0-1069" name="Api" fullname="Web.Api" runstate="Runnable" testcasecount="60" result="Passed" start-time="2019-07-30 04:14:44Z" end-time="2019-07-30 04:14:53Z" duration="8.942071" total="60" passed="60" failed="0" warnings="0" inconclusive="0" skipped="0" asserts="83">
        <test-suite type="SetUpFixture" id="0-1038" name="Tests" fullname="Web.Api.Tests.TestSetup" classname="Web.Api.Tests.TestSetup" runstate="Runnable" testcasecount="60" result="Passed" start-time="2019-07-30 04:14:44Z" end-time="2019-07-30 04:14:53Z" duration="8.935071" total="60" passed="60" failed="0" warnings="0" inconclusive="0" skipped="0" asserts="83">
          <test-suite type="TestFixture" id="0-1000" name="Miscellaneous_Test" fullname="Web.Api.Tests.Miscellaneous_Test" classname="Web.Api.Tests.Miscellaneous_Test" runstate="Runnable" testcasecount="5" result="Passed" start-time="2019-07-30 04:14:44Z" end-time="2019-07-30 04:14:44Z" duration="0.474377" total="5" passed="5" failed="0" warnings="0" inconclusive="0" skipped="0" asserts="5">
            <test-case id="0-1004" name="Test_InvalidDateFromDate" fullname="Web.Api.Tests.Miscellaneous_Test.Test_InvalidDateFromDate" methodname="Test_InvalidDateFromDate" classname="Web.Api.Tests.Miscellaneous_Test" runstate="Runnable" seed="1642421260" result="Passed" start-time="2019-07-30 04:14:44Z" end-time="2019-07-30 04:14:44Z" duration="0.031352" asserts="1" />
            <test-case id="0-1003" name="Test_InvalidDateFromString" fullname="Web.Api.Tests.Miscellaneous_Test.Test_InvalidDateFromString" methodname="Test_InvalidDateFromString" classname="Web.Api.Tests.Miscellaneous_Test" runstate="Runnable" seed="2126835644" result="Passed" start-time="2019-07-30 04:14:44Z" end-time="2019-07-30 04:14:44Z" duration="0.004264" asserts="1" />
            <test-case id="0-1001" name="Test_JsonObject" fullname="Web.Api.Tests.Miscellaneous_Test.Test_JsonObject" methodname="Test_JsonObject" classname="Web.Api.Tests.Miscellaneous_Test" runstate="Runnable" seed="582291527" result="Passed" start-time="2019-07-30 04:14:44Z" end-time="2019-07-30 04:14:44Z" duration="0.403671" asserts="1" />
            <test-case id="0-1002" name="Test_StringToJson" fullname="Web.Api.Tests.Miscellaneous_Test.Test_StringToJson" methodname="Test_StringToJson" classname="Web.Api.Tests.Miscellaneous_Test" runstate="Runnable" seed="844970062" result="Passed" start-time="2019-07-30 04:14:44Z" end-time="2019-07-30 04:14:44Z" duration="0.000493" asserts="1" />
            <test-case id="0-1005" name="UserDto_DisplayName" fullname="Web.Api.Tests.Miscellaneous_Test.UserDto_DisplayName" methodname="UserDto_DisplayName" classname="Web.Api.Tests.Miscellaneous_Test" runstate="Runnable" seed="943359693" result="Passed" start-time="2019-07-30 04:14:44Z" end-time="2019-07-30 04:14:44Z" duration="0.016871" asserts="1" />
          </test-suite>
          <test-suite type="TestFixture" id="0-1006" name="TestFilterStateHelper" fullname="Web.Api.Tests.TestFilterStateHelper" classname="Web.Api.Tests.TestFilterStateHelper" runstate="Runnable" testcasecount="8" result="Passed" start-time="2019-07-30 04:14:44Z" end-time="2019-07-30 04:14:45Z" duration="0.707439" total="8" passed="8" failed="0" warnings="0" inconclusive="0" skipped="0" asserts="21">
            <test-case id="0-1011" name="AddFilter_ShouldThrowErrorIfAddingSameFilter" fullname="Web.Api.Tests.TestFilterStateHelper.AddFilter_ShouldThrowErrorIfAddingSameFilter" methodname="AddFilter_ShouldThrowErrorIfAddingSameFilter" classname="Web.Api.Tests.TestFilterStateHelper" runstate="Runnable" seed="251233467" result="Passed" start-time="2019-07-30 04:14:44Z" end-time="2019-07-30 04:14:45Z" duration="0.604402" asserts="2" />
            <test-case id="0-1010" name="AddFilter_Test" fullname="Web.Api.Tests.TestFilterStateHelper.AddFilter_Test" methodname="AddFilter_Test" classname="Web.Api.Tests.TestFilterStateHelper" runstate="Runnable" seed="1278841987" result="Passed" start-time="2019-07-30 04:14:45Z" end-time="2019-07-30 04:14:45Z" duration="0.003239" asserts="1" />
            <test-case id="0-1008" name="FilterDescriptor_Test" fullname="Web.Api.Tests.TestFilterStateHelper.FilterDescriptor_Test" methodname="FilterDescriptor_Test" classname="Web.Api.Tests.TestFilterStateHelper" runstate="Runnable" seed="256787352" result="Passed" start-time="2019-07-30 04:14:45Z" end-time="2019-07-30 04:14:45Z" duration="0.019001" asserts="6" />
            <test-case id="0-1013" name="FlattenCompositeFilterDescriptor_ShouldThrowErrorIfUnsupportedOperatorUsed" fullname="Web.Api.Tests.TestFilterStateHelper.FlattenCompositeFilterDescriptor_ShouldThrowErrorIfUnsupportedOperatorUsed" methodname="FlattenCompositeFilterDescriptor_ShouldThrowErrorIfUnsupportedOperatorUsed" classname="Web.Api.Tests.TestFilterStateHelper" runstate="Runnable" seed="1064833100" result="Passed" start-time="2019-07-30 04:14:45Z" end-time="2019-07-30 04:14:45Z" duration="0.001413" asserts="1" />
            <test-case id="0-1014" name="FlattenCompositeFilterDescriptor_Test" fullname="Web.Api.Tests.TestFilterStateHelper.FlattenCompositeFilterDescriptor_Test" methodname="FlattenCompositeFilterDescriptor_Test" classname="Web.Api.Tests.TestFilterStateHelper" runstate="Runnable" seed="592912708" result="Passed" start-time="2019-07-30 04:14:45Z" end-time="2019-07-30 04:14:45Z" duration="0.029403" asserts="1" />
            <test-case id="0-1012" name="SearchFilterDescriptors_Test" fullname="Web.Api.Tests.TestFilterStateHelper.SearchFilterDescriptors_Test" methodname="SearchFilterDescriptors_Test" classname="Web.Api.Tests.TestFilterStateHelper" runstate="Runnable" seed="357523912" result="Passed" start-time="2019-07-30 04:14:45Z" end-time="2019-07-30 04:14:45Z" duration="0.000475" asserts="1" />
            <test-case id="0-1009" name="SortDescriptor_Test" fullname="Web.Api.Tests.TestFilterStateHelper.SortDescriptor_Test" methodname="SortDescriptor_Test" classname="Web.Api.Tests.TestFilterStateHelper" runstate="Runnable" seed="175996060" result="Passed" start-time="2019-07-30 04:14:45Z" end-time="2019-07-30 04:14:45Z" duration="0.044636" asserts="4" />
            <test-case id="0-1007" name="ToOperatorStr_Test" fullname="Web.Api.Tests.TestFilterStateHelper.ToOperatorStr_Test" methodname="ToOperatorStr_Test" classname="Web.Api.Tests.TestFilterStateHelper" runstate="Runnable" seed="481684010" result="Passed" start-time="2019-07-30 04:14:45Z" end-time="2019-07-30 04:14:45Z" duration="0.000996" asserts="5" />
          </test-suite>
          <test-suite type="TestFixture" id="0-1031" name="TestParentTaskController" fullname="Web.Api.Tests.TestParentTaskController" classname="Web.Api.Tests.TestParentTaskController" runstate="Runnable" testcasecount="6" result="Passed" start-time="2019-07-30 04:14:45Z" end-time="2019-07-30 04:14:51Z" duration="6.598434" total="6" passed="6" failed="0" warnings="0" inconclusive="0" skipped="0" asserts="6">
            <test-case id="0-1034" name="GetparentTask_ShouldNotReturnTask" fullname="Web.Api.Tests.TestParentTaskController.GetparentTask_ShouldNotReturnTask" methodname="GetparentTask_ShouldNotReturnTask" classname="Web.Api.Tests.TestParentTaskController" runstate="Runnable" seed="1116731922" result="Passed" start-time="2019-07-30 04:14:45Z" end-time="2019-07-30 04:14:46Z" duration="0.971894" asserts="1" />
            <test-case id="0-1035" name="GetparentTask_ShouldNotReturnTask_DB" fullname="Web.Api.Tests.TestParentTaskController.GetparentTask_ShouldNotReturnTask_DB" methodname="GetparentTask_ShouldNotReturnTask_DB" classname="Web.Api.Tests.TestParentTaskController" runstate="Runnable" seed="597871464" result="Passed" start-time="2019-07-30 04:14:46Z" end-time="2019-07-30 04:14:51Z" duration="5.455234" asserts="1" />
            <test-case id="0-1033" name="GetparentTask_ShouldReturnCorrectparentTask" fullname="Web.Api.Tests.TestParentTaskController.GetparentTask_ShouldReturnCorrectparentTask" methodname="GetparentTask_ShouldReturnCorrectparentTask" classname="Web.Api.Tests.TestParentTaskController" runstate="Runnable" seed="509303733" result="Passed" start-time="2019-07-30 04:14:51Z" end-time="2019-07-30 04:14:51Z" duration="0.073864" asserts="1" />
            <test-case id="0-1032" name="GetTasks_ShouldReturnAllParenTasks" fullname="Web.Api.Tests.TestParentTaskController.GetTasks_ShouldReturnAllParenTasks" methodname="GetTasks_ShouldReturnAllParenTasks" classname="Web.Api.Tests.TestParentTaskController" runstate="Runnable" seed="723188637" result="Passed" start-time="2019-07-30 04:14:51Z" end-time="2019-07-30 04:14:51Z" duration="0.051546" asserts="1" />
            <test-case id="0-1036" name="Update_ShouldAddNewparentTask" fullname="Web.Api.Tests.TestParentTaskController.Update_ShouldAddNewparentTask" methodname="Update_ShouldAddNewparentTask" classname="Web.Api.Tests.TestParentTaskController" runstate="Runnable" seed="421831227" result="Passed" start-time="2019-07-30 04:14:51Z" end-time="2019-07-30 04:14:51Z" duration="0.029827" asserts="1" />
            <test-case id="0-1037" name="Update_ShouldUpdateCorrectParentTask" fullname="Web.Api.Tests.TestParentTaskController.Update_ShouldUpdateCorrectParentTask" methodname="Update_ShouldUpdateCorrectParentTask" classname="Web.Api.Tests.TestParentTaskController" runstate="Runnable" seed="996539678" result="Passed" start-time="2019-07-30 04:14:51Z" end-time="2019-07-30 04:14:51Z" duration="0.015533" asserts="1" />
          </test-suite>
          <test-suite type="TestFixture" id="0-1015" name="TestProjectController" fullname="Web.Api.Tests.TestProjectController" classname="Web.Api.Tests.TestProjectController" runstate="Runnable" testcasecount="15" result="Passed" start-time="2019-07-30 04:14:51Z" end-time="2019-07-30 04:14:52Z" duration="0.575863" total="15" passed="15" failed="0" warnings="0" inconclusive="0" skipped="0" asserts="19">
            <test-case id="0-1025" name="Delete_ShouldDeleteCorrectProject" fullname="Web.Api.Tests.TestProjectController.Delete_ShouldDeleteCorrectProject" methodname="Delete_ShouldDeleteCorrectProject" classname="Web.Api.Tests.TestProjectController" runstate="Runnable" seed="939819316" result="Passed" start-time="2019-07-30 04:14:51Z" end-time="2019-07-30 04:14:52Z" duration="0.040829" asserts="1" />
            <test-case id="0-1027" name="Delete_ShouldNotDeleteWhenProjectHasTasks" fullname="Web.Api.Tests.TestProjectController.Delete_ShouldNotDeleteWhenProjectHasTasks" methodname="Delete_ShouldNotDeleteWhenProjectHasTasks" classname="Web.Api.Tests.TestProjectController" runstate="Runnable" seed="1072986756" result="Passed" start-time="2019-07-30 04:14:52Z" end-time="2019-07-30 04:14:52Z" duration="0.017549" asserts="1" />
            <test-case id="0-1026" name="Delete_ShouldNotDeleteWhenProjectNotFound" fullname="Web.Api.Tests.TestProjectController.Delete_ShouldNotDeleteWhenProjectNotFound" methodname="Delete_ShouldNotDeleteWhenProjectNotFound" classname="Web.Api.Tests.TestProjectController" runstate="Runnable" seed="1448366848" result="Passed" start-time="2019-07-30 04:14:52Z" end-time="2019-07-30 04:14:52Z" duration="0.015068" asserts="1" />
            <test-case id="0-1021" name="GetProject_ShouldNotReturnProject" fullname="Web.Api.Tests.TestProjectController.GetProject_ShouldNotReturnProject" methodname="GetProject_ShouldNotReturnProject" classname="Web.Api.Tests.TestProjectController" runstate="Runnable" seed="921449298" result="Passed" start-time="2019-07-30 04:14:52Z" end-time="2019-07-30 04:14:52Z" duration="0.020744" asserts="1" />
            <test-case id="0-1022" name="GetProject_ShouldNotReturnProject_DB" fullname="Web.Api.Tests.TestProjectController.GetProject_ShouldNotReturnProject_DB" methodname="GetProject_ShouldNotReturnProject_DB" classname="Web.Api.Tests.TestProjectController" runstate="Runnable" seed="1915561713" result="Passed" start-time="2019-07-30 04:14:52Z" end-time="2019-07-30 04:14:52Z" duration="0.020083" asserts="1" />
            <test-case id="0-1020" name="GetProject_ShouldReturnCorrectProject" fullname="Web.Api.Tests.TestProjectController.GetProject_ShouldReturnCorrectProject" methodname="GetProject_ShouldReturnCorrectProject" classname="Web.Api.Tests.TestProjectController" runstate="Runnable" seed="2012447578" result="Passed" start-time="2019-07-30 04:14:52Z" end-time="2019-07-30 04:14:52Z" duration="0.024839" asserts="3" />
            <test-case id="0-1016" name="GetProjects_ShouldReturnAllProjects" fullname="Web.Api.Tests.TestProjectController.GetProjects_ShouldReturnAllProjects" methodname="GetProjects_ShouldReturnAllProjects" classname="Web.Api.Tests.TestProjectController" runstate="Runnable" seed="1516177589" result="Passed" start-time="2019-07-30 04:14:52Z" end-time="2019-07-30 04:14:52Z" duration="0.035929" asserts="1" />
            <test-case id="0-1018" name="QueryProjects_ShouldNotReturnAnyProject" fullname="Web.Api.Tests.TestProjectController.QueryProjects_ShouldNotReturnAnyProject" methodname="QueryProjects_ShouldNotReturnAnyProject" classname="Web.Api.Tests.TestProjectController" runstate="Runnable" seed="376763448" result="Passed" start-time="2019-07-30 04:14:52Z" end-time="2019-07-30 04:14:52Z" duration="0.025107" asserts="1" />
            <test-case id="0-1017" name="QueryProjects_ShouldReturnAllProjects" fullname="Web.Api.Tests.TestProjectController.QueryProjects_ShouldReturnAllProjects" methodname="QueryProjects_ShouldReturnAllProjects" classname="Web.Api.Tests.TestProjectController" runstate="Runnable" seed="383272192" result="Passed" start-time="2019-07-30 04:14:52Z" end-time="2019-07-30 04:14:52Z" duration="0.029188" asserts="1" />
            <test-case id="0-1019" name="QueryProjects_ShouldReturnTaskWithPriorityGreaterThanAndEqualToZero" fullname="Web.Api.Tests.TestProjectController.QueryProjects_ShouldReturnTaskWithPriorityGreaterThanAndEqualToZero" methodname="QueryProjects_ShouldReturnTaskWithPriorityGreaterThanAndEqualToZero" classname="Web.Api.Tests.TestProjectController" runstate="Runnable" seed="539718089" result="Passed" start-time="2019-07-30 04:14:52Z" end-time="2019-07-30 04:14:52Z" duration="0.196717" asserts="1" />
            <test-case id="0-1023" name="Update_ShouldAddNewProject" fullname="Web.Api.Tests.TestProjectController.Update_ShouldAddNewProject" methodname="Update_ShouldAddNewProject" classname="Web.Api.Tests.TestProjectController" runstate="Runnable" seed="330418024" result="Passed" start-time="2019-07-30 04:14:52Z" end-time="2019-07-30 04:14:52Z" duration="0.041619" asserts="2" />
            <test-case id="0-1024" name="Update_ShouldUpdateCorrectProject" fullname="Web.Api.Tests.TestProjectController.Update_ShouldUpdateCorrectProject" methodname="Update_ShouldUpdateCorrectProject" classname="Web.Api.Tests.TestProjectController" runstate="Runnable" seed="1521036511" result="Passed" start-time="2019-07-30 04:14:52Z" end-time="2019-07-30 04:14:52Z" duration="0.021135" asserts="2" />
            <test-case id="0-1030" name="UpdateProjectState_ShouldUpdateCorrectProject" fullname="Web.Api.Tests.TestProjectController.UpdateProjectState_ShouldUpdateCorrectProject" methodname="UpdateProjectState_ShouldUpdateCorrectProject" classname="Web.Api.Tests.TestProjectController" runstate="Runnable" seed="1304265068" result="Passed" start-time="2019-07-30 04:14:52Z" end-time="2019-07-30 04:14:52Z" duration="0.028134" asserts="1" />
            <test-case id="0-1029" name="UpdateProjectState_WhenProjectAlreadyUpdated" fullname="Web.Api.Tests.TestProjectController.UpdateProjectState_WhenProjectAlreadyUpdated" methodname="UpdateProjectState_WhenProjectAlreadyUpdated" classname="Web.Api.Tests.TestProjectController" runstate="Runnable" seed="277546583" result="Passed" start-time="2019-07-30 04:14:52Z" end-time="2019-07-30 04:14:52Z" duration="0.033054" asserts="1" />
            <test-case id="0-1028" name="UpdateProjectState_WhenProjectDoesNotExists" fullname="Web.Api.Tests.TestProjectController.UpdateProjectState_WhenProjectDoesNotExists" methodname="UpdateProjectState_WhenProjectDoesNotExists" classname="Web.Api.Tests.TestProjectController" runstate="Runnable" seed="2118783747" result="Passed" start-time="2019-07-30 04:14:52Z" end-time="2019-07-30 04:14:52Z" duration="0.022830" asserts="1" />
          </test-suite>
          <test-suite type="TestFixture" id="0-1039" name="TestTaskController" fullname="Web.Api.Tests.TestTaskController" classname="Web.Api.Tests.TestTaskController" runstate="Runnable" testcasecount="13" result="Passed" start-time="2019-07-30 04:14:52Z" end-time="2019-07-30 04:14:52Z" duration="0.297687" total="13" passed="13" failed="0" warnings="0" inconclusive="0" skipped="0" asserts="16">
            <test-case id="0-1048" name="Delete_ShouldDeleteCorrectTask" fullname="Web.Api.Tests.TestTaskController.Delete_ShouldDeleteCorrectTask" methodname="Delete_ShouldDeleteCorrectTask" classname="Web.Api.Tests.TestTaskController" runstate="Runnable" seed="1203137550" result="Passed" start-time="2019-07-30 04:14:52Z" end-time="2019-07-30 04:14:52Z" duration="0.048836" asserts="1" />
            <test-case id="0-1049" name="Delete_ShouldNotDeleteWhenNoTaskFound" fullname="Web.Api.Tests.TestTaskController.Delete_ShouldNotDeleteWhenNoTaskFound" methodname="Delete_ShouldNotDeleteWhenNoTaskFound" classname="Web.Api.Tests.TestTaskController" runstate="Runnable" seed="406433419" result="Passed" start-time="2019-07-30 04:14:52Z" end-time="2019-07-30 04:14:52Z" duration="0.019937" asserts="1" />
            <test-case id="0-1044" name="GetTask_ShouldNotReturnTask" fullname="Web.Api.Tests.TestTaskController.GetTask_ShouldNotReturnTask" methodname="GetTask_ShouldNotReturnTask" classname="Web.Api.Tests.TestTaskController" runstate="Runnable" seed="1053188560" result="Passed" start-time="2019-07-30 04:14:52Z" end-time="2019-07-30 04:14:52Z" duration="0.018765" asserts="1" />
            <test-case id="0-1045" name="GetTask_ShouldNotReturnTask_DB" fullname="Web.Api.Tests.TestTaskController.GetTask_ShouldNotReturnTask_DB" methodname="GetTask_ShouldNotReturnTask_DB" classname="Web.Api.Tests.TestTaskController" runstate="Runnable" seed="868885604" result="Passed" start-time="2019-07-30 04:14:52Z" end-time="2019-07-30 04:14:52Z" duration="0.021349" asserts="1" />
            <test-case id="0-1043" name="GetTask_ShouldReturnCorrectTask" fullname="Web.Api.Tests.TestTaskController.GetTask_ShouldReturnCorrectTask" methodname="GetTask_ShouldReturnCorrectTask" classname="Web.Api.Tests.TestTaskController" runstate="Runnable" seed="1064956680" result="Passed" start-time="2019-07-30 04:14:52Z" end-time="2019-07-30 04:14:52Z" duration="0.026776" asserts="2" />
            <test-case id="0-1040" name="GetTasks_ShouldReturnAllTasks" fullname="Web.Api.Tests.TestTaskController.GetTasks_ShouldReturnAllTasks" methodname="GetTasks_ShouldReturnAllTasks" classname="Web.Api.Tests.TestTaskController" runstate="Runnable" seed="190496127" result="Passed" start-time="2019-07-30 04:14:52Z" end-time="2019-07-30 04:14:52Z" duration="0.027395" asserts="1" />
            <test-case id="0-1042" name="QueryTasks_ShouldNotReturnAnyTask" fullname="Web.Api.Tests.TestTaskController.QueryTasks_ShouldNotReturnAnyTask" methodname="QueryTasks_ShouldNotReturnAnyTask" classname="Web.Api.Tests.TestTaskController" runstate="Runnable" seed="755195737" result="Passed" start-time="2019-07-30 04:14:52Z" end-time="2019-07-30 04:14:52Z" duration="0.017053" asserts="1" />
            <test-case id="0-1041" name="QueryTasks_ShouldReturnAllProjects" fullname="Web.Api.Tests.TestTaskController.QueryTasks_ShouldReturnAllProjects" methodname="QueryTasks_ShouldReturnAllProjects" classname="Web.Api.Tests.TestTaskController" runstate="Runnable" seed="2009470509" result="Passed" start-time="2019-07-30 04:14:52Z" end-time="2019-07-30 04:14:52Z" duration="0.020927" asserts="1" />
            <test-case id="0-1046" name="Update_ShouldAddNewTask" fullname="Web.Api.Tests.TestTaskController.Update_ShouldAddNewTask" methodname="Update_ShouldAddNewTask" classname="Web.Api.Tests.TestTaskController" runstate="Runnable" seed="2104361910" result="Passed" start-time="2019-07-30 04:14:52Z" end-time="2019-07-30 04:14:52Z" duration="0.025303" asserts="2" />
            <test-case id="0-1047" name="Update_ShouldUpdateCorrectTask" fullname="Web.Api.Tests.TestTaskController.Update_ShouldUpdateCorrectTask" methodname="Update_ShouldUpdateCorrectTask" classname="Web.Api.Tests.TestTaskController" runstate="Runnable" seed="884143154" result="Passed" start-time="2019-07-30 04:14:52Z" end-time="2019-07-30 04:14:52Z" duration="0.016964" asserts="2" />
            <test-case id="0-1052" name="UpdateTaskState_ShouldUpdateCorrectTask" fullname="Web.Api.Tests.TestTaskController.UpdateTaskState_ShouldUpdateCorrectTask" methodname="UpdateTaskState_ShouldUpdateCorrectTask" classname="Web.Api.Tests.TestTaskController" runstate="Runnable" seed="1931211462" result="Passed" start-time="2019-07-30 04:14:52Z" end-time="2019-07-30 04:14:52Z" duration="0.021678" asserts="1" />
            <test-case id="0-1051" name="UpdateTaskState_WhenTaskAlreadyUpToDate" fullname="Web.Api.Tests.TestTaskController.UpdateTaskState_WhenTaskAlreadyUpToDate" methodname="UpdateTaskState_WhenTaskAlreadyUpToDate" classname="Web.Api.Tests.TestTaskController" runstate="Runnable" seed="390735422" result="Passed" start-time="2019-07-30 04:14:52Z" end-time="2019-07-30 04:14:52Z" duration="0.016523" asserts="1" />
            <test-case id="0-1050" name="UpdateTaskState_WhenTaskDoesNotExist" fullname="Web.Api.Tests.TestTaskController.UpdateTaskState_WhenTaskDoesNotExist" methodname="UpdateTaskState_WhenTaskDoesNotExist" classname="Web.Api.Tests.TestTaskController" runstate="Runnable" seed="224008943" result="Passed" start-time="2019-07-30 04:14:52Z" end-time="2019-07-30 04:14:52Z" duration="0.015340" asserts="1" />
          </test-suite>
          <test-suite type="TestFixture" id="0-1053" name="TestUserController" fullname="Web.Api.Tests.TestUserController" classname="Web.Api.Tests.TestUserController" runstate="Runnable" testcasecount="13" result="Passed" start-time="2019-07-30 04:14:52Z" end-time="2019-07-30 04:14:53Z" duration="0.270715" total="13" passed="13" failed="0" warnings="0" inconclusive="0" skipped="0" asserts="16">
            <test-case id="0-1063" name="Delete_ShouldDeleteCorrectUser" fullname="Web.Api.Tests.TestUserController.Delete_ShouldDeleteCorrectUser" methodname="Delete_ShouldDeleteCorrectUser" classname="Web.Api.Tests.TestUserController" runstate="Runnable" seed="74565037" result="Passed" start-time="2019-07-30 04:14:52Z" end-time="2019-07-30 04:14:52Z" duration="0.034628" asserts="1" />
            <test-case id="0-1065" name="Delete_ShouldNotDeleteWhenUserHasProjects" fullname="Web.Api.Tests.TestUserController.Delete_ShouldNotDeleteWhenUserHasProjects" methodname="Delete_ShouldNotDeleteWhenUserHasProjects" classname="Web.Api.Tests.TestUserController" runstate="Runnable" seed="1957319274" result="Passed" start-time="2019-07-30 04:14:52Z" end-time="2019-07-30 04:14:52Z" duration="0.016699" asserts="1" />
            <test-case id="0-1066" name="Delete_ShouldNotDeleteWhenUserHasTasks" fullname="Web.Api.Tests.TestUserController.Delete_ShouldNotDeleteWhenUserHasTasks" methodname="Delete_ShouldNotDeleteWhenUserHasTasks" classname="Web.Api.Tests.TestUserController" runstate="Runnable" seed="817538261" result="Passed" start-time="2019-07-30 04:14:52Z" end-time="2019-07-30 04:14:52Z" duration="0.014102" asserts="1" />
            <test-case id="0-1064" name="Delete_ShouldNotDeleteWhenUserNotFound" fullname="Web.Api.Tests.TestUserController.Delete_ShouldNotDeleteWhenUserNotFound" methodname="Delete_ShouldNotDeleteWhenUserNotFound" classname="Web.Api.Tests.TestUserController" runstate="Runnable" seed="497269688" result="Passed" start-time="2019-07-30 04:14:52Z" end-time="2019-07-30 04:14:52Z" duration="0.017736" asserts="1" />
            <test-case id="0-1058" name="GetUser_ShouldNotReturnUser" fullname="Web.Api.Tests.TestUserController.GetUser_ShouldNotReturnUser" methodname="GetUser_ShouldNotReturnUser" classname="Web.Api.Tests.TestUserController" runstate="Runnable" seed="712166269" result="Passed" start-time="2019-07-30 04:14:52Z" end-time="2019-07-30 04:14:52Z" duration="0.016500" asserts="1" />
            <test-case id="0-1059" name="GetUser_ShouldNotReturnUser_DB" fullname="Web.Api.Tests.TestUserController.GetUser_ShouldNotReturnUser_DB" methodname="GetUser_ShouldNotReturnUser_DB" classname="Web.Api.Tests.TestUserController" runstate="Runnable" seed="865948519" result="Passed" start-time="2019-07-30 04:14:52Z" end-time="2019-07-30 04:14:52Z" duration="0.019836" asserts="1" />
            <test-case id="0-1057" name="GetUser_ShouldReturnCorrectUser" fullname="Web.Api.Tests.TestUserController.GetUser_ShouldReturnCorrectUser" methodname="GetUser_ShouldReturnCorrectUser" classname="Web.Api.Tests.TestUserController" runstate="Runnable" seed="2013316089" result="Passed" start-time="2019-07-30 04:14:52Z" end-time="2019-07-30 04:14:53Z" duration="0.023786" asserts="2" />
            <test-case id="0-1054" name="GetUsers_ShouldReturnAllUsers" fullname="Web.Api.Tests.TestUserController.GetUsers_ShouldReturnAllUsers" methodname="GetUsers_ShouldReturnAllUsers" classname="Web.Api.Tests.TestUserController" runstate="Runnable" seed="700433364" result="Passed" start-time="2019-07-30 04:14:53Z" end-time="2019-07-30 04:14:53Z" duration="0.030300" asserts="1" />
            <test-case id="0-1056" name="QueryUser_ShouldNotReturnAnyProject" fullname="Web.Api.Tests.TestUserController.QueryUser_ShouldNotReturnAnyProject" methodname="QueryUser_ShouldNotReturnAnyProject" classname="Web.Api.Tests.TestUserController" runstate="Runnable" seed="441222876" result="Passed" start-time="2019-07-30 04:14:53Z" end-time="2019-07-30 04:14:53Z" duration="0.017394" asserts="1" />
            <test-case id="0-1055" name="QueryUsers_ShouldReturnAllUsers" fullname="Web.Api.Tests.TestUserController.QueryUsers_ShouldReturnAllUsers" methodname="QueryUsers_ShouldReturnAllUsers" classname="Web.Api.Tests.TestUserController" runstate="Runnable" seed="1514169002" result="Passed" start-time="2019-07-30 04:14:53Z" end-time="2019-07-30 04:14:53Z" duration="0.021267" asserts="1" />
            <test-case id="0-1060" name="Update_ShouldAddNewUser" fullname="Web.Api.Tests.TestUserController.Update_ShouldAddNewUser" methodname="Update_ShouldAddNewUser" classname="Web.Api.Tests.TestUserController" runstate="Runnable" seed="218444858" result="Passed" start-time="2019-07-30 04:14:53Z" end-time="2019-07-30 04:14:53Z" duration="0.021783" asserts="2" />
            <test-case id="0-1061" name="Update_ShouldNotUpdateIfFirstNameAndLastNameNotProvided" fullname="Web.Api.Tests.TestUserController.Update_ShouldNotUpdateIfFirstNameAndLastNameNotProvided" methodname="Update_ShouldNotUpdateIfFirstNameAndLastNameNotProvided" classname="Web.Api.Tests.TestUserController" runstate="Runnable" seed="1908357864" result="Passed" start-time="2019-07-30 04:14:53Z" end-time="2019-07-30 04:14:53Z" duration="0.014540" asserts="1" />
            <test-case id="0-1062" name="Update_ShouldUpdateCorrectUser" fullname="Web.Api.Tests.TestUserController.Update_ShouldUpdateCorrectUser" methodname="Update_ShouldUpdateCorrectUser" classname="Web.Api.Tests.TestUserController" runstate="Runnable" seed="253059636" result="Passed" start-time="2019-07-30 04:14:53Z" end-time="2019-07-30 04:14:53Z" duration="0.021254" asserts="2" />
          </test-suite>
        </test-suite>
      </test-suite>
    </test-suite>
  </test-suite>
</test-run>