<?xml version="1.0" encoding="utf-8" standalone="no"?>
<test-run id="2" testcasecount="19" result="Passed" total="19" passed="19" failed="0" inconclusive="0" skipped="0" asserts="29" engine-version="3.10.0.0" clr-version="4.0.30319.42000" start-time="2019-07-21 09:54:46Z" end-time="2019-07-21 09:54:51Z" duration="5.654576">
  <command-line><![CDATA["C:\Users\kuskas\Source\Repos\fse-projectmanager\ProjectManager\packages\NUnit.ConsoleRunner.3.10.0\tools\nunit3-console.exe" "C:\Users\kuskas\Source\Repos\fse-projectmanager\ProjectManager\Web.Api.Tests\bin\Debug\Web.Api.Tests.dll"]]></command-line>
  <test-suite type="Assembly" id="0-1024" name="Web.Api.Tests.dll" fullname="Web.Api.Tests.dll" runstate="Runnable" testcasecount="19" result="Passed" start-time="2019-07-21 09:54:50Z" end-time="2019-07-21 09:54:51Z" duration="1.521913" total="19" passed="19" failed="0" warnings="0" inconclusive="0" skipped="0" asserts="29">
    <environment framework-version="3.11.0.0" clr-version="4.0.30319.42000" os-version="Microsoft Windows NT 10.0.14393.0" platform="Win32NT" cwd="C:\Users\kuskas\Source\Repos\fse-projectmanager\ProjectManager" machine-name="MYMDCLAP163" user="kuskas" user-domain="ACEINA" culture="en-US" uiculture="en-US" os-architecture="x64" />
    <settings>
      <setting name="DisposeRunners" value="True" />
      <setting name="WorkDirectory" value="C:\Users\kuskas\Source\Repos\fse-projectmanager\ProjectManager" />
      <setting name="ImageRuntimeVersion" value="4.0.30319" />
      <setting name="ImageTargetFrameworkName" value=".NETFramework,Version=v4.6.1" />
      <setting name="ImageRequiresX86" value="False" />
      <setting name="ImageRequiresDefaultAppDomainAssemblyResolver" value="False" />
      <setting name="NumberOfTestWorkers" value="4" />
    </settings>
    <properties>
      <property name="_PID" value="25804" />
      <property name="_APPDOMAIN" value="domain-" />
    </properties>
    <test-suite type="TestSuite" id="0-1025" name="Web" fullname="Web" runstate="Runnable" testcasecount="19" result="Passed" start-time="2019-07-21 09:54:50Z" end-time="2019-07-21 09:54:51Z" duration="1.501518" total="19" passed="19" failed="0" warnings="0" inconclusive="0" skipped="0" asserts="29">
      <test-suite type="TestSuite" id="0-1026" name="Api" fullname="Web.Api" runstate="Runnable" testcasecount="19" result="Passed" start-time="2019-07-21 09:54:50Z" end-time="2019-07-21 09:54:51Z" duration="1.500963" total="19" passed="19" failed="0" warnings="0" inconclusive="0" skipped="0" asserts="29">
        <test-suite type="SetUpFixture" id="0-1011" name="Tests" fullname="Web.Api.Tests.TestSetup" classname="Web.Api.Tests.TestSetup" runstate="Runnable" testcasecount="19" result="Passed" start-time="2019-07-21 09:54:50Z" end-time="2019-07-21 09:54:51Z" duration="1.498263" total="19" passed="19" failed="0" warnings="0" inconclusive="0" skipped="0" asserts="29">
          <test-suite type="TestFixture" id="0-1006" name="TestParentTaskController" fullname="Web.Api.Tests.TestParentTaskController" classname="Web.Api.Tests.TestParentTaskController" runstate="Runnable" testcasecount="4" result="Passed" start-time="2019-07-21 09:54:51Z" end-time="2019-07-21 09:54:51Z" duration="0.627040" total="4" passed="4" failed="0" warnings="0" inconclusive="0" skipped="0" asserts="4">
            <test-case id="0-1007" name="GetTasks_ShouldReturnAllParenTasks" fullname="Web.Api.Tests.TestParentTaskController.GetTasks_ShouldReturnAllParenTasks" methodname="GetTasks_ShouldReturnAllParenTasks" classname="Web.Api.Tests.TestParentTaskController" runstate="Runnable" seed="421603451" result="Passed" start-time="2019-07-21 09:54:51Z" end-time="2019-07-21 09:54:51Z" duration="0.567888" asserts="1" />
            <test-case id="0-1008" name="GetUser_ShouldReturnCorrectUser" fullname="Web.Api.Tests.TestParentTaskController.GetUser_ShouldReturnCorrectUser" methodname="GetUser_ShouldReturnCorrectUser" classname="Web.Api.Tests.TestParentTaskController" runstate="Runnable" seed="712718195" result="Passed" start-time="2019-07-21 09:54:51Z" end-time="2019-07-21 09:54:51Z" duration="0.033911" asserts="1" />
            <test-case id="0-1009" name="Update_ShouldAddNewUser" fullname="Web.Api.Tests.TestParentTaskController.Update_ShouldAddNewUser" methodname="Update_ShouldAddNewUser" classname="Web.Api.Tests.TestParentTaskController" runstate="Runnable" seed="902500983" result="Passed" start-time="2019-07-21 09:54:51Z" end-time="2019-07-21 09:54:51Z" duration="0.010090" asserts="1" />
            <test-case id="0-1010" name="Update_ShouldUpdateCorrectUser" fullname="Web.Api.Tests.TestParentTaskController.Update_ShouldUpdateCorrectUser" methodname="Update_ShouldUpdateCorrectUser" classname="Web.Api.Tests.TestParentTaskController" runstate="Runnable" seed="218610810" result="Passed" start-time="2019-07-21 09:54:51Z" end-time="2019-07-21 09:54:51Z" duration="0.003939" asserts="1" />
          </test-suite>
          <test-suite type="TestFixture" id="0-1000" name="TestProjectController" fullname="Web.Api.Tests.TestProjectController" classname="Web.Api.Tests.TestProjectController" runstate="Runnable" testcasecount="5" result="Passed" start-time="2019-07-21 09:54:51Z" end-time="2019-07-21 09:54:51Z" duration="0.094070" total="5" passed="5" failed="0" warnings="0" inconclusive="0" skipped="0" asserts="9">
            <test-case id="0-1005" name="Delete_ShouldDeleteCorrectProject" fullname="Web.Api.Tests.TestProjectController.Delete_ShouldDeleteCorrectProject" methodname="Delete_ShouldDeleteCorrectProject" classname="Web.Api.Tests.TestProjectController" runstate="Runnable" seed="838864473" result="Passed" start-time="2019-07-21 09:54:51Z" end-time="2019-07-21 09:54:51Z" duration="0.050212" asserts="1" />
            <test-case id="0-1002" name="GetProject_ShouldReturnCorrectProject" fullname="Web.Api.Tests.TestProjectController.GetProject_ShouldReturnCorrectProject" methodname="GetProject_ShouldReturnCorrectProject" classname="Web.Api.Tests.TestProjectController" runstate="Runnable" seed="746729287" result="Passed" start-time="2019-07-21 09:54:51Z" end-time="2019-07-21 09:54:51Z" duration="0.013933" asserts="3" />
            <test-case id="0-1001" name="GetProjects_ShouldReturnAllProjects" fullname="Web.Api.Tests.TestProjectController.GetProjects_ShouldReturnAllProjects" methodname="GetProjects_ShouldReturnAllProjects" classname="Web.Api.Tests.TestProjectController" runstate="Runnable" seed="1099344086" result="Passed" start-time="2019-07-21 09:54:51Z" end-time="2019-07-21 09:54:51Z" duration="0.009925" asserts="1" />
            <test-case id="0-1003" name="Update_ShouldAddNewProject" fullname="Web.Api.Tests.TestProjectController.Update_ShouldAddNewProject" methodname="Update_ShouldAddNewProject" classname="Web.Api.Tests.TestProjectController" runstate="Runnable" seed="1935362000" result="Passed" start-time="2019-07-21 09:54:51Z" end-time="2019-07-21 09:54:51Z" duration="0.015981" asserts="2" />
            <test-case id="0-1004" name="Update_ShouldUpdateCorrectProject" fullname="Web.Api.Tests.TestProjectController.Update_ShouldUpdateCorrectProject" methodname="Update_ShouldUpdateCorrectProject" classname="Web.Api.Tests.TestProjectController" runstate="Runnable" seed="2117983727" result="Passed" start-time="2019-07-21 09:54:51Z" end-time="2019-07-21 09:54:51Z" duration="0.003589" asserts="2" />
          </test-suite>
          <test-suite type="TestFixture" id="0-1012" name="TestTaskController" fullname="Web.Api.Tests.TestTaskController" classname="Web.Api.Tests.TestTaskController" runstate="Runnable" testcasecount="5" result="Passed" start-time="2019-07-21 09:54:51Z" end-time="2019-07-21 09:54:51Z" duration="0.055602" total="5" passed="5" failed="0" warnings="0" inconclusive="0" skipped="0" asserts="8">
            <test-case id="0-1017" name="Delete_ShouldDeleteCorrectTask" fullname="Web.Api.Tests.TestTaskController.Delete_ShouldDeleteCorrectTask" methodname="Delete_ShouldDeleteCorrectTask" classname="Web.Api.Tests.TestTaskController" runstate="Runnable" seed="1796212214" result="Passed" start-time="2019-07-21 09:54:51Z" end-time="2019-07-21 09:54:51Z" duration="0.021398" asserts="1" />
            <test-case id="0-1014" name="GetTask_ShouldReturnCorrectTask" fullname="Web.Api.Tests.TestTaskController.GetTask_ShouldReturnCorrectTask" methodname="GetTask_ShouldReturnCorrectTask" classname="Web.Api.Tests.TestTaskController" runstate="Runnable" seed="22035163" result="Passed" start-time="2019-07-21 09:54:51Z" end-time="2019-07-21 09:54:51Z" duration="0.012720" asserts="2" />
            <test-case id="0-1013" name="GetTasks_ShouldReturnAllTasks" fullname="Web.Api.Tests.TestTaskController.GetTasks_ShouldReturnAllTasks" methodname="GetTasks_ShouldReturnAllTasks" classname="Web.Api.Tests.TestTaskController" runstate="Runnable" seed="1066368045" result="Passed" start-time="2019-07-21 09:54:51Z" end-time="2019-07-21 09:54:51Z" duration="0.008455" asserts="1" />
            <test-case id="0-1015" name="Update_ShouldAddNewTask" fullname="Web.Api.Tests.TestTaskController.Update_ShouldAddNewTask" methodname="Update_ShouldAddNewTask" classname="Web.Api.Tests.TestTaskController" runstate="Runnable" seed="1248605763" result="Passed" start-time="2019-07-21 09:54:51Z" end-time="2019-07-21 09:54:51Z" duration="0.009549" asserts="2" />
            <test-case id="0-1016" name="Update_ShouldUpdateCorrectTask" fullname="Web.Api.Tests.TestTaskController.Update_ShouldUpdateCorrectTask" methodname="Update_ShouldUpdateCorrectTask" classname="Web.Api.Tests.TestTaskController" runstate="Runnable" seed="683281059" result="Passed" start-time="2019-07-21 09:54:51Z" end-time="2019-07-21 09:54:51Z" duration="0.002841" asserts="2" />
          </test-suite>
          <test-suite type="TestFixture" id="0-1018" name="TestUserController" fullname="Web.Api.Tests.TestUserController" classname="Web.Api.Tests.TestUserController" runstate="Runnable" testcasecount="5" result="Passed" start-time="2019-07-21 09:54:51Z" end-time="2019-07-21 09:54:51Z" duration="0.050368" total="5" passed="5" failed="0" warnings="0" inconclusive="0" skipped="0" asserts="8">
            <test-case id="0-1023" name="Delete_ShouldDeleteCorrectUser" fullname="Web.Api.Tests.TestUserController.Delete_ShouldDeleteCorrectUser" methodname="Delete_ShouldDeleteCorrectUser" classname="Web.Api.Tests.TestUserController" runstate="Runnable" seed="2015994632" result="Passed" start-time="2019-07-21 09:54:51Z" end-time="2019-07-21 09:54:51Z" duration="0.020410" asserts="1" />
            <test-case id="0-1020" name="GetUser_ShouldReturnCorrectUser" fullname="Web.Api.Tests.TestUserController.GetUser_ShouldReturnCorrectUser" methodname="GetUser_ShouldReturnCorrectUser" classname="Web.Api.Tests.TestUserController" runstate="Runnable" seed="1083612430" result="Passed" start-time="2019-07-21 09:54:51Z" end-time="2019-07-21 09:54:51Z" duration="0.012632" asserts="2" />
            <test-case id="0-1019" name="GetUsers_ShouldReturnAllUsers" fullname="Web.Api.Tests.TestUserController.GetUsers_ShouldReturnAllUsers" methodname="GetUsers_ShouldReturnAllUsers" classname="Web.Api.Tests.TestUserController" runstate="Runnable" seed="1404144237" result="Passed" start-time="2019-07-21 09:54:51Z" end-time="2019-07-21 09:54:51Z" duration="0.007238" asserts="1" />
            <test-case id="0-1021" name="Update_ShouldAddNewUser" fullname="Web.Api.Tests.TestUserController.Update_ShouldAddNewUser" methodname="Update_ShouldAddNewUser" classname="Web.Api.Tests.TestUserController" runstate="Runnable" seed="255494209" result="Passed" start-time="2019-07-21 09:54:51Z" end-time="2019-07-21 09:54:51Z" duration="0.006791" asserts="2" />
            <test-case id="0-1022" name="Update_ShouldUpdateCorrectUser" fullname="Web.Api.Tests.TestUserController.Update_ShouldUpdateCorrectUser" methodname="Update_ShouldUpdateCorrectUser" classname="Web.Api.Tests.TestUserController" runstate="Runnable" seed="1015674194" result="Passed" start-time="2019-07-21 09:54:51Z" end-time="2019-07-21 09:54:51Z" duration="0.002809" asserts="2" />
          </test-suite>
        </test-suite>
      </test-suite>
    </test-suite>
  </test-suite>
</test-run>