<?xml version="1.0" encoding="utf-8" standalone="no"?>
<test-run id="2" testcasecount="19" result="Passed" total="19" passed="19" failed="0" inconclusive="0" skipped="0" asserts="29" engine-version="3.10.0.0" clr-version="4.0.30319.42000" start-time="2019-07-21 09:40:12Z" end-time="2019-07-21 09:40:17Z" duration="5.363701">
  <command-line><![CDATA["C:\Users\kuskas\Source\Repos\fse-projectmanager\ProjectManager\packages\NUnit.ConsoleRunner.3.10.0\tools\nunit3-console.exe" "C:\Users\kuskas\Source\Repos\fse-projectmanager\ProjectManager\Web.Api.Tests\bin\Debug\Web.Api.Tests.dll"]]></command-line>
  <test-suite type="Assembly" id="0-1024" name="Web.Api.Tests.dll" fullname="Web.Api.Tests.dll" runstate="Runnable" testcasecount="19" result="Passed" start-time="2019-07-21 09:40:16Z" end-time="2019-07-21 09:40:17Z" duration="1.577488" total="19" passed="19" failed="0" warnings="0" inconclusive="0" skipped="0" asserts="29">
    <environment framework-version="3.11.0.0" clr-version="4.0.30319.42000" os-version="Microsoft Windows NT 10.0.14393.0" platform="Win32NT" cwd="C:\Users\kuskas\Source\Repos\fse-projectmanager\ProjectManager" machine-name="MYMDCLAP163" user="kuskas" user-domain="ACEINA" culture="en-US" uiculture="en-US" os-architecture="x64" />
    <settings>
      <setting name="DisposeRunners" value="True" />
      <setting name="WorkDirectory" value="C:\Users\kuskas\Source\Repos\fse-projectmanager\ProjectManager" />
      <setting name="ImageRuntimeVersion" value="4.0.30319" />
      <setting name="ImageTargetFrameworkName" value=".NETFramework,Version=v4.6.1" />
      <setting name="ImageRequiresX86" value="False" />
      <setting name="ImageRequiresDefaultAppDomainAssemblyResolver" value="False" />
      <setting name="NumberOfTestWorkers" value="4" />
    </settings>
    <properties>
      <property name="_PID" value="17452" />
      <property name="_APPDOMAIN" value="domain-" />
    </properties>
    <test-suite type="TestSuite" id="0-1025" name="Web" fullname="Web" runstate="Runnable" testcasecount="19" result="Passed" start-time="2019-07-21 09:40:16Z" end-time="2019-07-21 09:40:17Z" duration="1.556669" total="19" passed="19" failed="0" warnings="0" inconclusive="0" skipped="0" asserts="29">
      <test-suite type="TestSuite" id="0-1026" name="Api" fullname="Web.Api" runstate="Runnable" testcasecount="19" result="Passed" start-time="2019-07-21 09:40:16Z" end-time="2019-07-21 09:40:17Z" duration="1.556114" total="19" passed="19" failed="0" warnings="0" inconclusive="0" skipped="0" asserts="29">
        <test-suite type="SetUpFixture" id="0-1011" name="Tests" fullname="Web.Api.Tests.TestSetup" classname="Web.Api.Tests.TestSetup" runstate="Runnable" testcasecount="19" result="Passed" start-time="2019-07-21 09:40:16Z" end-time="2019-07-21 09:40:17Z" duration="1.553189" total="19" passed="19" failed="0" warnings="0" inconclusive="0" skipped="0" asserts="29">
          <test-suite type="TestFixture" id="0-1006" name="TestParentTaskController" fullname="Web.Api.Tests.TestParentTaskController" classname="Web.Api.Tests.TestParentTaskController" runstate="Runnable" testcasecount="4" result="Passed" start-time="2019-07-21 09:40:16Z" end-time="2019-07-21 09:40:17Z" duration="0.688445" total="4" passed="4" failed="0" warnings="0" inconclusive="0" skipped="0" asserts="4">
            <test-case id="0-1007" name="GetTasks_ShouldReturnAllParenTasks" fullname="Web.Api.Tests.TestParentTaskController.GetTasks_ShouldReturnAllParenTasks" methodname="GetTasks_ShouldReturnAllParenTasks" classname="Web.Api.Tests.TestParentTaskController" runstate="Runnable" seed="1064315921" result="Passed" start-time="2019-07-21 09:40:16Z" end-time="2019-07-21 09:40:17Z" duration="0.630377" asserts="1" />
            <test-case id="0-1008" name="GetUser_ShouldReturnCorrectUser" fullname="Web.Api.Tests.TestParentTaskController.GetUser_ShouldReturnCorrectUser" methodname="GetUser_ShouldReturnCorrectUser" classname="Web.Api.Tests.TestParentTaskController" runstate="Runnable" seed="1379733975" result="Passed" start-time="2019-07-21 09:40:17Z" end-time="2019-07-21 09:40:17Z" duration="0.032184" asserts="1" />
            <test-case id="0-1009" name="Update_ShouldAddNewUser" fullname="Web.Api.Tests.TestParentTaskController.Update_ShouldAddNewUser" methodname="Update_ShouldAddNewUser" classname="Web.Api.Tests.TestParentTaskController" runstate="Runnable" seed="377076202" result="Passed" start-time="2019-07-21 09:40:17Z" end-time="2019-07-21 09:40:17Z" duration="0.011680" asserts="1" />
            <test-case id="0-1010" name="Update_ShouldUpdateCorrectUser" fullname="Web.Api.Tests.TestParentTaskController.Update_ShouldUpdateCorrectUser" methodname="Update_ShouldUpdateCorrectUser" classname="Web.Api.Tests.TestParentTaskController" runstate="Runnable" seed="180288498" result="Passed" start-time="2019-07-21 09:40:17Z" end-time="2019-07-21 09:40:17Z" duration="0.004010" asserts="1" />
          </test-suite>
          <test-suite type="TestFixture" id="0-1000" name="TestProjectController" fullname="Web.Api.Tests.TestProjectController" classname="Web.Api.Tests.TestProjectController" runstate="Runnable" testcasecount="5" result="Passed" start-time="2019-07-21 09:40:17Z" end-time="2019-07-21 09:40:17Z" duration="0.094058" total="5" passed="5" failed="0" warnings="0" inconclusive="0" skipped="0" asserts="9">
            <test-case id="0-1005" name="Delete_ShouldDeleteCorrectProject" fullname="Web.Api.Tests.TestProjectController.Delete_ShouldDeleteCorrectProject" methodname="Delete_ShouldDeleteCorrectProject" classname="Web.Api.Tests.TestProjectController" runstate="Runnable" seed="1468029810" result="Passed" start-time="2019-07-21 09:40:17Z" end-time="2019-07-21 09:40:17Z" duration="0.050194" asserts="1" />
            <test-case id="0-1002" name="GetProject_ShouldReturnCorrectProject" fullname="Web.Api.Tests.TestProjectController.GetProject_ShouldReturnCorrectProject" methodname="GetProject_ShouldReturnCorrectProject" classname="Web.Api.Tests.TestProjectController" runstate="Runnable" seed="1443066887" result="Passed" start-time="2019-07-21 09:40:17Z" end-time="2019-07-21 09:40:17Z" duration="0.013983" asserts="3" />
            <test-case id="0-1001" name="GetProjects_ShouldReturnAllProjects" fullname="Web.Api.Tests.TestProjectController.GetProjects_ShouldReturnAllProjects" methodname="GetProjects_ShouldReturnAllProjects" classname="Web.Api.Tests.TestProjectController" runstate="Runnable" seed="381067668" result="Passed" start-time="2019-07-21 09:40:17Z" end-time="2019-07-21 09:40:17Z" duration="0.009225" asserts="1" />
            <test-case id="0-1003" name="Update_ShouldAddNewProject" fullname="Web.Api.Tests.TestProjectController.Update_ShouldAddNewProject" methodname="Update_ShouldAddNewProject" classname="Web.Api.Tests.TestProjectController" runstate="Runnable" seed="1935692254" result="Passed" start-time="2019-07-21 09:40:17Z" end-time="2019-07-21 09:40:17Z" duration="0.017099" asserts="2" />
            <test-case id="0-1004" name="Update_ShouldUpdateCorrectProject" fullname="Web.Api.Tests.TestProjectController.Update_ShouldUpdateCorrectProject" methodname="Update_ShouldUpdateCorrectProject" classname="Web.Api.Tests.TestProjectController" runstate="Runnable" seed="944788407" result="Passed" start-time="2019-07-21 09:40:17Z" end-time="2019-07-21 09:40:17Z" duration="0.003119" asserts="2" />
          </test-suite>
          <test-suite type="TestFixture" id="0-1012" name="TestTaskController" fullname="Web.Api.Tests.TestTaskController" classname="Web.Api.Tests.TestTaskController" runstate="Runnable" testcasecount="5" result="Passed" start-time="2019-07-21 09:40:17Z" end-time="2019-07-21 09:40:17Z" duration="0.059849" total="5" passed="5" failed="0" warnings="0" inconclusive="0" skipped="0" asserts="8">
            <test-case id="0-1017" name="Delete_ShouldDeleteCorrectTask" fullname="Web.Api.Tests.TestTaskController.Delete_ShouldDeleteCorrectTask" methodname="Delete_ShouldDeleteCorrectTask" classname="Web.Api.Tests.TestTaskController" runstate="Runnable" seed="1480577429" result="Passed" start-time="2019-07-21 09:40:17Z" end-time="2019-07-21 09:40:17Z" duration="0.020613" asserts="1" />
            <test-case id="0-1014" name="GetTask_ShouldReturnCorrectTask" fullname="Web.Api.Tests.TestTaskController.GetTask_ShouldReturnCorrectTask" methodname="GetTask_ShouldReturnCorrectTask" classname="Web.Api.Tests.TestTaskController" runstate="Runnable" seed="131351210" result="Passed" start-time="2019-07-21 09:40:17Z" end-time="2019-07-21 09:40:17Z" duration="0.011264" asserts="2" />
            <test-case id="0-1013" name="GetTasks_ShouldReturnAllTasks" fullname="Web.Api.Tests.TestTaskController.GetTasks_ShouldReturnAllTasks" methodname="GetTasks_ShouldReturnAllTasks" classname="Web.Api.Tests.TestTaskController" runstate="Runnable" seed="1138767132" result="Passed" start-time="2019-07-21 09:40:17Z" end-time="2019-07-21 09:40:17Z" duration="0.008408" asserts="1" />
            <test-case id="0-1015" name="Update_ShouldAddNewTask" fullname="Web.Api.Tests.TestTaskController.Update_ShouldAddNewTask" methodname="Update_ShouldAddNewTask" classname="Web.Api.Tests.TestTaskController" runstate="Runnable" seed="324431978" result="Passed" start-time="2019-07-21 09:40:17Z" end-time="2019-07-21 09:40:17Z" duration="0.015802" asserts="2" />
            <test-case id="0-1016" name="Update_ShouldUpdateCorrectTask" fullname="Web.Api.Tests.TestTaskController.Update_ShouldUpdateCorrectTask" methodname="Update_ShouldUpdateCorrectTask" classname="Web.Api.Tests.TestTaskController" runstate="Runnable" seed="18952136" result="Passed" start-time="2019-07-21 09:40:17Z" end-time="2019-07-21 09:40:17Z" duration="0.003043" asserts="2" />
          </test-suite>
          <test-suite type="TestFixture" id="0-1018" name="TestUserController" fullname="Web.Api.Tests.TestUserController" classname="Web.Api.Tests.TestUserController" runstate="Runnable" testcasecount="5" result="Passed" start-time="2019-07-21 09:40:17Z" end-time="2019-07-21 09:40:17Z" duration="0.048600" total="5" passed="5" failed="0" warnings="0" inconclusive="0" skipped="0" asserts="8">
            <test-case id="0-1023" name="Delete_ShouldDeleteCorrectUser" fullname="Web.Api.Tests.TestUserController.Delete_ShouldDeleteCorrectUser" methodname="Delete_ShouldDeleteCorrectUser" classname="Web.Api.Tests.TestUserController" runstate="Runnable" seed="1516995535" result="Passed" start-time="2019-07-21 09:40:17Z" end-time="2019-07-21 09:40:17Z" duration="0.018622" asserts="1" />
            <test-case id="0-1020" name="GetUser_ShouldReturnCorrectUser" fullname="Web.Api.Tests.TestUserController.GetUser_ShouldReturnCorrectUser" methodname="GetUser_ShouldReturnCorrectUser" classname="Web.Api.Tests.TestUserController" runstate="Runnable" seed="8142434" result="Passed" start-time="2019-07-21 09:40:17Z" end-time="2019-07-21 09:40:17Z" duration="0.011071" asserts="2" />
            <test-case id="0-1019" name="GetUsers_ShouldReturnAllUsers" fullname="Web.Api.Tests.TestUserController.GetUsers_ShouldReturnAllUsers" methodname="GetUsers_ShouldReturnAllUsers" classname="Web.Api.Tests.TestUserController" runstate="Runnable" seed="394105456" result="Passed" start-time="2019-07-21 09:40:17Z" end-time="2019-07-21 09:40:17Z" duration="0.007314" asserts="1" />
            <test-case id="0-1021" name="Update_ShouldAddNewUser" fullname="Web.Api.Tests.TestUserController.Update_ShouldAddNewUser" methodname="Update_ShouldAddNewUser" classname="Web.Api.Tests.TestUserController" runstate="Runnable" seed="1319002888" result="Passed" start-time="2019-07-21 09:40:17Z" end-time="2019-07-21 09:40:17Z" duration="0.007245" asserts="2" />
            <test-case id="0-1022" name="Update_ShouldUpdateCorrectUser" fullname="Web.Api.Tests.TestUserController.Update_ShouldUpdateCorrectUser" methodname="Update_ShouldUpdateCorrectUser" classname="Web.Api.Tests.TestUserController" runstate="Runnable" seed="1586862747" result="Passed" start-time="2019-07-21 09:40:17Z" end-time="2019-07-21 09:40:17Z" duration="0.003812" asserts="2" />
          </test-suite>
        </test-suite>
      </test-suite>
    </test-suite>
  </test-suite>
</test-run>